<?xml version="1.0" encoding="UTF-8"?>
<!-- Generated by org.testng.reporters.JUnitReportReporter -->
<testsuite hostname="DESKTOP-IV5HC8O" failures="0" tests="1" name="Cucumber.Options.TestRunner" time="0.310" errors="1" timestamp="2023-12-01T21:37:52 IST" skipped="0">
  <testcase classname="Cucumber.Options.TestRunner" name="runScenario" time="0.310">
    <error message="Cannot invoke &quot;org.openqa.selenium.WebDriver.findElement(org.openqa.selenium.By)&quot; because &quot;Page.SignIn.driver&quot; is null" type="java.lang.NullPointerException">
      <![CDATA[java.lang.NullPointerException: Cannot invoke "org.openqa.selenium.WebDriver.findElement(org.openqa.selenium.By)" because "Page.SignIn.driver" is null
at Page.SignIn.user_enter_username_and_password(SignIn.java:12)
at stepDefination.LoginPageStep.user_enter_username_and_password(LoginPageStep.java:13)
at âœ½.user enter username "standard_user" and password "secret_sauce"(file:///D:/Automation_Project/selenium/com.Bat/src/test/java/features/SignIn.feature:6)
]]>
    </error>
  </testcase> <!-- runScenario -->
</testsuite> <!-- Cucumber.Options.TestRunner -->
